Arguments: 
  /Users/kevinpang/.nvm/versions/node/v16.13.0/bin/node /Users/kevinpang/.yarn/bin/yarn.js add -D eslint eslint-config-airbnb eslint-config-airbnb-base eslint-config-prettier eslint-oimport-resolver-typescript eslint-plugin-import eslint-plugin-prettier module-alias nodemon prettier

PATH: 
  /Users/kevinpang/.yarn/bin:/Users/kevinpang/.config/yarn/global/node_modules/.bin:/opt/homebrew/bin:/opt/homebrew/sbin:/Users/kevinpang/.nvm/versions/node/v16.13.0/bin:/usr/local/bin:/usr/bin:/bin:/usr/sbin:/sbin:/usr/local/share/dotnet:~/.dotnet/tools:/Library/Apple/usr/bin:/Users/kevinpang/.rvm/bin:/Users/kevinpang/Library/Android/sdk/emulator:/Users/kevinpang/Library/Android/sdk/tools:/Users/kevinpang/Library/Android/sdk/tools/bin:/Users/kevinpang/Library/Android/sdk/platform-tools

Yarn version: 
  1.22.18

Node version: 
  16.13.0

Platform: 
  darwin arm64

Trace: 
  Error: https://registry.yarnpkg.com/eslint-oimport-resolver-typescript: Not found
      at Request.params.callback [as _callback] (/Users/kevinpang/.yarn/lib/cli.js:66138:18)
      at Request.self.callback (/Users/kevinpang/.yarn/lib/cli.js:140883:22)
      at Request.emit (node:events:390:28)
      at Request.<anonymous> (/Users/kevinpang/.yarn/lib/cli.js:141855:10)
      at Request.emit (node:events:390:28)
      at IncomingMessage.<anonymous> (/Users/kevinpang/.yarn/lib/cli.js:141777:12)
      at Object.onceWrapper (node:events:509:28)
      at IncomingMessage.emit (node:events:402:35)
      at endReadableNT (node:internal/streams/readable:1343:12)
      at processTicksAndRejections (node:internal/process/task_queues:83:21)

npm manifest: 
  {
    "name": "chobot-v6",
    "version": "1.0.0",
    "main": "index.js",
    "license": "MIT",
    "devDependencies": {
      "typescript": "^4.9.4"
    },
    "_moduleAliases": {
      "config": "dist/src/config",
      "commands": "dist/src/commands",
      "utils": "dist/src/utils",
      "mongod": "dist/src/mongod",
      "types": "dist/src/types"
    }
  }

yarn manifest: 
  No manifest

Lockfile: 
  # THIS IS AN AUTOGENERATED FILE. DO NOT EDIT THIS FILE DIRECTLY.
  # yarn lockfile v1
  
  
  typescript@^4.9.4:
    version "4.9.4"
    resolved "https://registry.yarnpkg.com/typescript/-/typescript-4.9.4.tgz#a2a3d2756c079abda241d75f149df9d561091e78"
    integrity sha512-Uz+dTXYzxXXbsFpM86Wh3dKCxrQqUcVMxwU54orwlJjOpO3ao8L7j5lH+dWfTwgCwIuM9GQ2kvVotzYJMXTBZg==
